#! /usr/bin/vvp
:ivl_version "12.0 (stable)";
:ivl_delay_selection "TYPICAL";
:vpi_time_precision + 0;
:vpi_module "/usr/lib64/ivl/system.vpi";
:vpi_module "/usr/lib64/ivl/vhdl_sys.vpi";
:vpi_module "/usr/lib64/ivl/vhdl_textio.vpi";
:vpi_module "/usr/lib64/ivl/v2005_math.vpi";
:vpi_module "/usr/lib64/ivl/va_math.vpi";
S_0x563d244dd990 .scope module, "TB" "TB" 2 28;
 .timescale 0 0;
v0x563d24510850_0 .var "a", 3 0;
v0x563d24510930_0 .var "b", 3 0;
v0x563d245109d0_0 .var "cin", 0 0;
v0x563d24510aa0_0 .net "s", 4 0, L_0x563d24512ed0;  1 drivers
S_0x563d244e3780 .scope module, "uut" "RippleCarryAdder" 2 34, 2 11 0, S_0x563d244dd990;
 .timescale 0 0;
    .port_info 0 /INPUT 4 "A";
    .port_info 1 /INPUT 4 "B";
    .port_info 2 /INPUT 1 "cin";
    .port_info 3 /OUTPUT 5 "Sum";
v0x563d2450fff0_0 .net "A", 3 0, v0x563d24510850_0;  1 drivers
v0x563d245100f0_0 .net "B", 3 0, v0x563d24510930_0;  1 drivers
v0x563d245101d0_0 .net "S", 3 0, L_0x563d24512d90;  1 drivers
v0x563d24510290_0 .net "Sum", 4 0, L_0x563d24512ed0;  alias, 1 drivers
v0x563d24510370_0 .net "c0", 0 0, L_0x563d245110e0;  1 drivers
v0x563d24510460_0 .net "c1", 0 0, L_0x563d24511930;  1 drivers
v0x563d24510550_0 .net "c2", 0 0, L_0x563d24512110;  1 drivers
v0x563d24510640_0 .net "cin", 0 0, v0x563d245109d0_0;  1 drivers
v0x563d245106e0_0 .net "cout", 0 0, L_0x563d24512980;  1 drivers
L_0x563d245111f0 .part v0x563d24510850_0, 0, 1;
L_0x563d24511320 .part v0x563d24510930_0, 0, 1;
L_0x563d24511a40 .part v0x563d24510850_0, 1, 1;
L_0x563d24511b70 .part v0x563d24510930_0, 1, 1;
L_0x563d24512220 .part v0x563d24510850_0, 2, 1;
L_0x563d245123e0 .part v0x563d24510930_0, 2, 1;
L_0x563d24512ae0 .part v0x563d24510850_0, 3, 1;
L_0x563d24512c10 .part v0x563d24510930_0, 3, 1;
L_0x563d24512d90 .concat8 [ 1 1 1 1], L_0x563d24510c40, L_0x563d245114c0, L_0x563d24511d40, L_0x563d24512650;
L_0x563d24512ed0 .concat [ 4 1 0 0], L_0x563d24512d90, L_0x563d24512980;
S_0x563d244e56c0 .scope module, "FA0" "FullAdder" 2 20, 2 1 0, S_0x563d244e3780;
 .timescale 0 0;
    .port_info 0 /INPUT 1 "a";
    .port_info 1 /INPUT 1 "b";
    .port_info 2 /INPUT 1 "cin";
    .port_info 3 /OUTPUT 1 "sum";
    .port_info 4 /OUTPUT 1 "cout";
L_0x563d24510b40 .functor XOR 1, L_0x563d245111f0, L_0x563d24511320, C4<0>, C4<0>;
L_0x563d24510c40 .functor XOR 1, L_0x563d24510b40, v0x563d245109d0_0, C4<0>, C4<0>;
L_0x563d24510d30 .functor AND 1, L_0x563d245111f0, L_0x563d24511320, C4<1>, C4<1>;
L_0x563d24510e40 .functor AND 1, L_0x563d24511320, v0x563d245109d0_0, C4<1>, C4<1>;
L_0x563d24510f70 .functor OR 1, L_0x563d24510d30, L_0x563d24510e40, C4<0>, C4<0>;
L_0x563d24511030 .functor AND 1, v0x563d245109d0_0, L_0x563d245111f0, C4<1>, C4<1>;
L_0x563d245110e0 .functor OR 1, L_0x563d24510f70, L_0x563d24511030, C4<0>, C4<0>;
v0x563d244e5a70_0 .net *"_ivl_0", 0 0, L_0x563d24510b40;  1 drivers
v0x563d244e3240_0 .net *"_ivl_10", 0 0, L_0x563d24511030;  1 drivers
v0x563d244e0a10_0 .net *"_ivl_4", 0 0, L_0x563d24510d30;  1 drivers
v0x563d244de1b0_0 .net *"_ivl_6", 0 0, L_0x563d24510e40;  1 drivers
v0x563d2450d920_0 .net *"_ivl_8", 0 0, L_0x563d24510f70;  1 drivers
v0x563d2450da50_0 .net "a", 0 0, L_0x563d245111f0;  1 drivers
v0x563d2450db10_0 .net "b", 0 0, L_0x563d24511320;  1 drivers
v0x563d2450dbd0_0 .net "cin", 0 0, v0x563d245109d0_0;  alias, 1 drivers
v0x563d2450dc90_0 .net "cout", 0 0, L_0x563d245110e0;  alias, 1 drivers
v0x563d2450dd50_0 .net "sum", 0 0, L_0x563d24510c40;  1 drivers
S_0x563d2450deb0 .scope module, "FA1" "FullAdder" 2 21, 2 1 0, S_0x563d244e3780;
 .timescale 0 0;
    .port_info 0 /INPUT 1 "a";
    .port_info 1 /INPUT 1 "b";
    .port_info 2 /INPUT 1 "cin";
    .port_info 3 /OUTPUT 1 "sum";
    .port_info 4 /OUTPUT 1 "cout";
L_0x563d24511450 .functor XOR 1, L_0x563d24511a40, L_0x563d24511b70, C4<0>, C4<0>;
L_0x563d245114c0 .functor XOR 1, L_0x563d24511450, L_0x563d245110e0, C4<0>, C4<0>;
L_0x563d24511610 .functor AND 1, L_0x563d24511a40, L_0x563d24511b70, C4<1>, C4<1>;
L_0x563d245116d0 .functor AND 1, L_0x563d24511b70, L_0x563d245110e0, C4<1>, C4<1>;
L_0x563d24511770 .functor OR 1, L_0x563d24511610, L_0x563d245116d0, C4<0>, C4<0>;
L_0x563d24511880 .functor AND 1, L_0x563d245110e0, L_0x563d24511a40, C4<1>, C4<1>;
L_0x563d24511930 .functor OR 1, L_0x563d24511770, L_0x563d24511880, C4<0>, C4<0>;
v0x563d2450e060_0 .net *"_ivl_0", 0 0, L_0x563d24511450;  1 drivers
v0x563d2450e140_0 .net *"_ivl_10", 0 0, L_0x563d24511880;  1 drivers
v0x563d2450e220_0 .net *"_ivl_4", 0 0, L_0x563d24511610;  1 drivers
v0x563d2450e2e0_0 .net *"_ivl_6", 0 0, L_0x563d245116d0;  1 drivers
v0x563d2450e3c0_0 .net *"_ivl_8", 0 0, L_0x563d24511770;  1 drivers
v0x563d2450e4f0_0 .net "a", 0 0, L_0x563d24511a40;  1 drivers
v0x563d2450e5b0_0 .net "b", 0 0, L_0x563d24511b70;  1 drivers
v0x563d2450e670_0 .net "cin", 0 0, L_0x563d245110e0;  alias, 1 drivers
v0x563d2450e710_0 .net "cout", 0 0, L_0x563d24511930;  alias, 1 drivers
v0x563d2450e840_0 .net "sum", 0 0, L_0x563d245114c0;  1 drivers
S_0x563d2450e9a0 .scope module, "FA2" "FullAdder" 2 22, 2 1 0, S_0x563d244e3780;
 .timescale 0 0;
    .port_info 0 /INPUT 1 "a";
    .port_info 1 /INPUT 1 "b";
    .port_info 2 /INPUT 1 "cin";
    .port_info 3 /OUTPUT 1 "sum";
    .port_info 4 /OUTPUT 1 "cout";
L_0x563d24511cd0 .functor XOR 1, L_0x563d24512220, L_0x563d245123e0, C4<0>, C4<0>;
L_0x563d24511d40 .functor XOR 1, L_0x563d24511cd0, L_0x563d24511930, C4<0>, C4<0>;
L_0x563d24511e40 .functor AND 1, L_0x563d24512220, L_0x563d245123e0, C4<1>, C4<1>;
L_0x563d24511eb0 .functor AND 1, L_0x563d245123e0, L_0x563d24511930, C4<1>, C4<1>;
L_0x563d24511f50 .functor OR 1, L_0x563d24511e40, L_0x563d24511eb0, C4<0>, C4<0>;
L_0x563d24512060 .functor AND 1, L_0x563d24511930, L_0x563d24512220, C4<1>, C4<1>;
L_0x563d24512110 .functor OR 1, L_0x563d24511f50, L_0x563d24512060, C4<0>, C4<0>;
v0x563d2450eb30_0 .net *"_ivl_0", 0 0, L_0x563d24511cd0;  1 drivers
v0x563d2450ec10_0 .net *"_ivl_10", 0 0, L_0x563d24512060;  1 drivers
v0x563d2450ecf0_0 .net *"_ivl_4", 0 0, L_0x563d24511e40;  1 drivers
v0x563d2450edb0_0 .net *"_ivl_6", 0 0, L_0x563d24511eb0;  1 drivers
v0x563d2450ee90_0 .net *"_ivl_8", 0 0, L_0x563d24511f50;  1 drivers
v0x563d2450efc0_0 .net "a", 0 0, L_0x563d24512220;  1 drivers
v0x563d2450f080_0 .net "b", 0 0, L_0x563d245123e0;  1 drivers
v0x563d2450f140_0 .net "cin", 0 0, L_0x563d24511930;  alias, 1 drivers
v0x563d2450f1e0_0 .net "cout", 0 0, L_0x563d24512110;  alias, 1 drivers
v0x563d2450f310_0 .net "sum", 0 0, L_0x563d24511d40;  1 drivers
S_0x563d2450f4a0 .scope module, "FA3" "FullAdder" 2 23, 2 1 0, S_0x563d244e3780;
 .timescale 0 0;
    .port_info 0 /INPUT 1 "a";
    .port_info 1 /INPUT 1 "b";
    .port_info 2 /INPUT 1 "cin";
    .port_info 3 /OUTPUT 1 "sum";
    .port_info 4 /OUTPUT 1 "cout";
L_0x563d245125e0 .functor XOR 1, L_0x563d24512ae0, L_0x563d24512c10, C4<0>, C4<0>;
L_0x563d24512650 .functor XOR 1, L_0x563d245125e0, L_0x563d24512110, C4<0>, C4<0>;
L_0x563d24512750 .functor AND 1, L_0x563d24512ae0, L_0x563d24512c10, C4<1>, C4<1>;
L_0x563d245127c0 .functor AND 1, L_0x563d24512c10, L_0x563d24512110, C4<1>, C4<1>;
L_0x563d24512860 .functor OR 1, L_0x563d24512750, L_0x563d245127c0, C4<0>, C4<0>;
L_0x563d245128d0 .functor AND 1, L_0x563d24512110, L_0x563d24512ae0, C4<1>, C4<1>;
L_0x563d24512980 .functor OR 1, L_0x563d24512860, L_0x563d245128d0, C4<0>, C4<0>;
v0x563d2450f630_0 .net *"_ivl_0", 0 0, L_0x563d245125e0;  1 drivers
v0x563d2450f730_0 .net *"_ivl_10", 0 0, L_0x563d245128d0;  1 drivers
v0x563d2450f810_0 .net *"_ivl_4", 0 0, L_0x563d24512750;  1 drivers
v0x563d2450f900_0 .net *"_ivl_6", 0 0, L_0x563d245127c0;  1 drivers
v0x563d2450f9e0_0 .net *"_ivl_8", 0 0, L_0x563d24512860;  1 drivers
v0x563d2450fb10_0 .net "a", 0 0, L_0x563d24512ae0;  1 drivers
v0x563d2450fbd0_0 .net "b", 0 0, L_0x563d24512c10;  1 drivers
v0x563d2450fc90_0 .net "cin", 0 0, L_0x563d24512110;  alias, 1 drivers
v0x563d2450fd30_0 .net "cout", 0 0, L_0x563d24512980;  alias, 1 drivers
v0x563d2450fe60_0 .net "sum", 0 0, L_0x563d24512650;  1 drivers
    .scope S_0x563d244dd990;
T_0 ;
    %pushi/vec4 10, 0, 4;
    %store/vec4 v0x563d24510850_0, 0, 4;
    %pushi/vec4 5, 0, 4;
    %store/vec4 v0x563d24510930_0, 0, 4;
    %pushi/vec4 0, 0, 1;
    %store/vec4 v0x563d245109d0_0, 0, 1;
    %delay 10, 0;
    %pushi/vec4 15, 0, 4;
    %store/vec4 v0x563d24510850_0, 0, 4;
    %pushi/vec4 3, 0, 4;
    %store/vec4 v0x563d24510930_0, 0, 4;
    %pushi/vec4 0, 0, 1;
    %store/vec4 v0x563d245109d0_0, 0, 1;
    %delay 10, 0;
    %pushi/vec4 15, 0, 4;
    %store/vec4 v0x563d24510850_0, 0, 4;
    %pushi/vec4 15, 0, 4;
    %store/vec4 v0x563d24510930_0, 0, 4;
    %pushi/vec4 0, 0, 1;
    %store/vec4 v0x563d245109d0_0, 0, 1;
    %delay 10, 0;
    %end;
    .thread T_0;
    .scope S_0x563d244dd990;
T_1 ;
    %vpi_call 2 43 "$dumpfile", "outputwave.vcd" {0 0 0};
    %vpi_call 2 44 "$dumpvars", 32'sb00000000000000000000000000000000, S_0x563d244dd990 {0 0 0};
    %end;
    .thread T_1;
# The file index is used to find the file name in the following table.
:file_names 3;
    "N/A";
    "<interactive>";
    "RippleCarryAdder.v";
