#! /usr/bin/vvp
:ivl_version "12.0 (stable)";
:ivl_delay_selection "TYPICAL";
:vpi_time_precision + 0;
:vpi_module "/usr/lib64/ivl/system.vpi";
:vpi_module "/usr/lib64/ivl/vhdl_sys.vpi";
:vpi_module "/usr/lib64/ivl/vhdl_textio.vpi";
:vpi_module "/usr/lib64/ivl/v2005_math.vpi";
:vpi_module "/usr/lib64/ivl/va_math.vpi";
S_0x560c8d8eea80 .scope module, "MUX_TB" "MUX_TB" 2 19;
 .timescale 0 0;
v0x560c8d906390_0 .var "i0", 0 0;
v0x560c8d906450_0 .var "i1", 0 0;
v0x560c8d906520_0 .var "i2", 0 0;
v0x560c8d906620_0 .var "i3", 0 0;
v0x560c8d9066f0_0 .var "s0", 0 0;
v0x560c8d9067e0_0 .var "s1", 0 0;
v0x560c8d9068b0_0 .net "y", 0 0, v0x560c8d9061f0_0;  1 drivers
S_0x560c8d8eec10 .scope module, "uut" "MUX" 2 24, 2 1 0, S_0x560c8d8eea80;
 .timescale 0 0;
    .port_info 0 /INPUT 1 "S0";
    .port_info 1 /INPUT 1 "S1";
    .port_info 2 /INPUT 1 "I0";
    .port_info 3 /INPUT 1 "I1";
    .port_info 4 /INPUT 1 "I2";
    .port_info 5 /INPUT 1 "I3";
    .port_info 6 /OUTPUT 1 "Y";
v0x560c8d8eedf0_0 .net "I0", 0 0, v0x560c8d906390_0;  1 drivers
v0x560c8d905e00_0 .net "I1", 0 0, v0x560c8d906450_0;  1 drivers
v0x560c8d905ec0_0 .net "I2", 0 0, v0x560c8d906520_0;  1 drivers
v0x560c8d905f60_0 .net "I3", 0 0, v0x560c8d906620_0;  1 drivers
v0x560c8d906020_0 .net "S0", 0 0, v0x560c8d9066f0_0;  1 drivers
v0x560c8d906130_0 .net "S1", 0 0, v0x560c8d9067e0_0;  1 drivers
v0x560c8d9061f0_0 .var "Y", 0 0;
E_0x560c8d8ed7f0/0 .event anyedge, v0x560c8d906130_0, v0x560c8d906020_0, v0x560c8d8eedf0_0, v0x560c8d905e00_0;
E_0x560c8d8ed7f0/1 .event anyedge, v0x560c8d905ec0_0, v0x560c8d905f60_0;
E_0x560c8d8ed7f0 .event/or E_0x560c8d8ed7f0/0, E_0x560c8d8ed7f0/1;
    .scope S_0x560c8d8eec10;
T_0 ;
    %wait E_0x560c8d8ed7f0;
    %load/vec4 v0x560c8d906130_0;
    %load/vec4 v0x560c8d906020_0;
    %concat/vec4; draw_concat_vec4
    %dup/vec4;
    %pushi/vec4 0, 0, 2;
    %cmp/u;
    %jmp/1 T_0.0, 6;
    %dup/vec4;
    %pushi/vec4 1, 0, 2;
    %cmp/u;
    %jmp/1 T_0.1, 6;
    %dup/vec4;
    %pushi/vec4 2, 0, 2;
    %cmp/u;
    %jmp/1 T_0.2, 6;
    %dup/vec4;
    %pushi/vec4 3, 0, 2;
    %cmp/u;
    %jmp/1 T_0.3, 6;
    %pushi/vec4 0, 0, 1;
    %store/vec4 v0x560c8d9061f0_0, 0, 1;
    %jmp T_0.5;
T_0.0 ;
    %load/vec4 v0x560c8d8eedf0_0;
    %store/vec4 v0x560c8d9061f0_0, 0, 1;
    %jmp T_0.5;
T_0.1 ;
    %load/vec4 v0x560c8d905e00_0;
    %store/vec4 v0x560c8d9061f0_0, 0, 1;
    %jmp T_0.5;
T_0.2 ;
    %load/vec4 v0x560c8d905ec0_0;
    %store/vec4 v0x560c8d9061f0_0, 0, 1;
    %jmp T_0.5;
T_0.3 ;
    %load/vec4 v0x560c8d905f60_0;
    %store/vec4 v0x560c8d9061f0_0, 0, 1;
    %jmp T_0.5;
T_0.5 ;
    %pop/vec4 1;
    %jmp T_0;
    .thread T_0, $push;
    .scope S_0x560c8d8eea80;
T_1 ;
    %pushi/vec4 0, 0, 1;
    %store/vec4 v0x560c8d9067e0_0, 0, 1;
    %pushi/vec4 0, 0, 1;
    %store/vec4 v0x560c8d9066f0_0, 0, 1;
    %pushi/vec4 0, 0, 1;
    %store/vec4 v0x560c8d906620_0, 0, 1;
    %pushi/vec4 0, 0, 1;
    %store/vec4 v0x560c8d906520_0, 0, 1;
    %pushi/vec4 0, 0, 1;
    %store/vec4 v0x560c8d906450_0, 0, 1;
    %pushi/vec4 1, 0, 1;
    %store/vec4 v0x560c8d906390_0, 0, 1;
    %delay 10, 0;
    %pushi/vec4 0, 0, 1;
    %store/vec4 v0x560c8d9067e0_0, 0, 1;
    %pushi/vec4 1, 0, 1;
    %store/vec4 v0x560c8d9066f0_0, 0, 1;
    %pushi/vec4 0, 0, 1;
    %store/vec4 v0x560c8d906620_0, 0, 1;
    %pushi/vec4 0, 0, 1;
    %store/vec4 v0x560c8d906520_0, 0, 1;
    %pushi/vec4 1, 0, 1;
    %store/vec4 v0x560c8d906450_0, 0, 1;
    %pushi/vec4 0, 0, 1;
    %store/vec4 v0x560c8d906390_0, 0, 1;
    %delay 10, 0;
    %pushi/vec4 1, 0, 1;
    %store/vec4 v0x560c8d9067e0_0, 0, 1;
    %pushi/vec4 0, 0, 1;
    %store/vec4 v0x560c8d9066f0_0, 0, 1;
    %pushi/vec4 0, 0, 1;
    %store/vec4 v0x560c8d906620_0, 0, 1;
    %pushi/vec4 1, 0, 1;
    %store/vec4 v0x560c8d906520_0, 0, 1;
    %pushi/vec4 0, 0, 1;
    %store/vec4 v0x560c8d906450_0, 0, 1;
    %pushi/vec4 0, 0, 1;
    %store/vec4 v0x560c8d906390_0, 0, 1;
    %delay 10, 0;
    %pushi/vec4 1, 0, 1;
    %store/vec4 v0x560c8d9067e0_0, 0, 1;
    %pushi/vec4 1, 0, 1;
    %store/vec4 v0x560c8d9066f0_0, 0, 1;
    %pushi/vec4 1, 0, 1;
    %store/vec4 v0x560c8d906620_0, 0, 1;
    %pushi/vec4 0, 0, 1;
    %store/vec4 v0x560c8d906520_0, 0, 1;
    %pushi/vec4 0, 0, 1;
    %store/vec4 v0x560c8d906450_0, 0, 1;
    %pushi/vec4 0, 0, 1;
    %store/vec4 v0x560c8d906390_0, 0, 1;
    %delay 10, 0;
    %vpi_call 2 39 "$finish" {0 0 0};
    %end;
    .thread T_1;
    .scope S_0x560c8d8eea80;
T_2 ;
    %vpi_call 2 42 "$dumpfile", "outputwave.vcd" {0 0 0};
    %vpi_call 2 43 "$dumpvars", 32'sb00000000000000000000000000000000, S_0x560c8d8eea80 {0 0 0};
    %end;
    .thread T_2;
    .scope S_0x560c8d8eea80;
T_3 ;
    %vpi_call 2 46 "$monitor", "Select Line = %b %b Input = %b %b %b %b output = %b", v0x560c8d9067e0_0, v0x560c8d9066f0_0, v0x560c8d906620_0, v0x560c8d906520_0, v0x560c8d906450_0, v0x560c8d906390_0, v0x560c8d9068b0_0 {0 0 0};
    %end;
    .thread T_3;
# The file index is used to find the file name in the following table.
:file_names 3;
    "N/A";
    "<interactive>";
    "MUX4x1.v";
